<?xml version="1.0" encoding="UTF-8"?>
<!-- Generated by org.testng.reporters.JUnitXMLReporter -->
<testsuite hostname="DESKTOP-7MAOGO2" ignored="22" name="Test" tests="46" failures="32" timestamp="2021-02-15T14:36:22 IST" time="438.407" errors="0">
  <testcase name="validEmailValidPassword" time="6.413" classname="com.Salesboost_Adminpanel.testscript.loginPage"/>
  <testcase name="validEmailGeneratePassword" time="1.538" classname="com.Salesboost_Adminpanel.testscript.managePasswordScript">
    <failure type="java.lang.AssertionError" message="expected [Copy] but found []">
      <![CDATA[java.lang.AssertionError: expected [Copy] but found []
at com.Salesboost_Adminpanel.testscript.managePasswordScript.validEmailGeneratePassword(managePasswordScript.java:58)
at java.util.ArrayList.forEach(Unknown Source)
... Removed 33 stack frames]]>
    </failure>
  </testcase> <!-- validEmailGeneratePassword -->
  <testcase name="validaddaccount" time="8.474" classname="com.Salesboost_Adminpanel.testscript.accountHoldersPage">
    <failure type="java.lang.AssertionError" message="expected [Search] but found []">
      <![CDATA[java.lang.AssertionError: expected [Search] but found []
at com.Salesboost_Adminpanel.testscript.accountHoldersPage.validaddaccount(accountHoldersPage.java:65)
at java.util.ArrayList.forEach(Unknown Source)
... Removed 33 stack frames]]>
    </failure>
  </testcase> <!-- validaddaccount -->
  <testcase name="validsearch" time="3.23" classname="com.Salesboost_Adminpanel.testscript.accountHoldersPage"/>
  <testcase name="validAccountUpdate" time="2.109" classname="com.Salesboost_Adminpanel.testscript.accountHoldersPage"/>
  <testcase name="validadduser" time="3.939" classname="com.Salesboost_Adminpanel.testscript.administratorsPage">
    <failure type="java.lang.AssertionError" message="expected [true] but found [false]">
      <![CDATA[java.lang.AssertionError: expected [true] but found [false]
at com.Salesboost_Adminpanel.testscript.administratorsPage.validadduser(administratorsPage.java:68)
at java.util.ArrayList.forEach(Unknown Source)
... Removed 31 stack frames]]>
    </failure>
  </testcase> <!-- validadduser -->
  <testcase name="validsearch" time="1.629" classname="com.Salesboost_Adminpanel.testscript.administratorsPage"/>
  <testcase name="validUserUpdate" time="11.411" classname="com.Salesboost_Adminpanel.testscript.administratorsPage">
    <failure type="java.lang.AssertionError" message="Lists differ at element [0]: Aut.  !=  expected [Aut. ] but found []">
      <![CDATA[java.lang.AssertionError: Lists differ at element [0]: Aut.  !=  expected [Aut. ] but found []
at com.Salesboost_Adminpanel.testscript.administratorsPage.validUserUpdate(administratorsPage.java:166)
at java.util.ArrayList.forEach(Unknown Source)
... Removed 32 stack frames]]>
    </failure>
  </testcase> <!-- validUserUpdate -->
  <testcase name="validaddtracks" time="8.275" classname="com.Salesboost_Adminpanel.testscript.TracksPage">
    <failure type="java.lang.AssertionError" message="expected [true] but found [false]">
      <![CDATA[java.lang.AssertionError: expected [true] but found [false]
at com.Salesboost_Adminpanel.testscript.TracksPage.validaddtracks(TracksPage.java:67)
at java.util.ArrayList.forEach(Unknown Source)
... Removed 31 stack frames]]>
    </failure>
  </testcase> <!-- validaddtracks -->
  <testcase name="validtracksselection" time="1.799" classname="com.Salesboost_Adminpanel.testscript.TracksPage"/>
  <testcase name="validEditTrack" time="6.922" classname="com.Salesboost_Adminpanel.testscript.TracksPage">
    <failure type="java.lang.AssertionError" message="expected [true] but found [false]">
      <![CDATA[java.lang.AssertionError: expected [true] but found [false]
at com.Salesboost_Adminpanel.testscript.TracksPage.validEditTrack(TracksPage.java:197)
at java.util.ArrayList.forEach(Unknown Source)
... Removed 31 stack frames]]>
    </failure>
  </testcase> <!-- validEditTrack -->
  <testcase name="validtrackdelete" time="3.718" classname="com.Salesboost_Adminpanel.testscript.TracksPage">
    <failure type="java.lang.AssertionError" message="expected [true] but found [false]">
      <![CDATA[java.lang.AssertionError: expected [true] but found [false]
at com.Salesboost_Adminpanel.testscript.TracksPage.validtrackdelete(TracksPage.java:144)
at java.util.ArrayList.forEach(Unknown Source)
... Removed 31 stack frames]]>
    </failure>
  </testcase> <!-- validtrackdelete -->
  <testcase name="validaddtracks" time="6.329" classname="com.Salesboost_Adminpanel.testscript.PrivateTracksPage"/>
  <testcase name="validtracksselection" time="1.724" classname="com.Salesboost_Adminpanel.testscript.PrivateTracksPage"/>
  <testcase name="validEditTrack" time="0.773" classname="com.Salesboost_Adminpanel.testscript.PrivateTracksPage">
    <failure type="java.lang.AssertionError" message="expected [true] but found [false]">
      <![CDATA[java.lang.AssertionError: expected [true] but found [false]
at com.Salesboost_Adminpanel.testscript.PrivateTracksPage.validEditTrack(PrivateTracksPage.java:148)
at java.util.ArrayList.forEach(Unknown Source)
... Removed 31 stack frames]]>
    </failure>
  </testcase> <!-- validEditTrack -->
  <testcase name="validtrackdelete" time="8.115" classname="com.Salesboost_Adminpanel.testscript.PrivateTracksPage">
    <failure type="java.lang.AssertionError" message="expected [private track] but found []">
      <![CDATA[java.lang.AssertionError: expected [private track] but found []
at com.Salesboost_Adminpanel.testscript.PrivateTracksPage.validtrackdelete(PrivateTracksPage.java:198)
at java.util.ArrayList.forEach(Unknown Source)
... Removed 33 stack frames]]>
    </failure>
  </testcase> <!-- validtrackdelete -->
  <testcase name="validaddroles" time="4.305" classname="com.Salesboost_Adminpanel.testscript.RoleManagementPage">
    <failure type="java.lang.AssertionError" message="expected [true] but found [false]">
      <![CDATA[java.lang.AssertionError: expected [true] but found [false]
at com.Salesboost_Adminpanel.testscript.RoleManagementPage.validaddroles(RoleManagementPage.java:69)
at java.util.ArrayList.forEach(Unknown Source)
... Removed 31 stack frames]]>
    </failure>
  </testcase> <!-- validaddroles -->
  <testcase name="validrolesselection" time="1.114" classname="com.Salesboost_Adminpanel.testscript.RoleManagementPage"/>
  <testcase name="validroledeletion" time="1.068" classname="com.Salesboost_Adminpanel.testscript.RoleManagementPage">
    <failure type="java.lang.AssertionError" message="expected [private track] but found []">
      <![CDATA[java.lang.AssertionError: expected [private track] but found []
at com.Salesboost_Adminpanel.testscript.RoleManagementPage.validroledeletion(RoleManagementPage.java:176)
at java.util.ArrayList.forEach(Unknown Source)
... Removed 33 stack frames]]>
    </failure>
  </testcase> <!-- validroledeletion -->
  <testcase name="validEditRoles" time="1.074" classname="com.Salesboost_Adminpanel.testscript.RoleManagementPage">
    <failure type="java.lang.AssertionError" message="expected [true] but found [false]">
      <![CDATA[java.lang.AssertionError: expected [true] but found [false]
at com.Salesboost_Adminpanel.testscript.RoleManagementPage.validEditRoles(RoleManagementPage.java:232)
at java.util.ArrayList.forEach(Unknown Source)
... Removed 31 stack frames]]>
    </failure>
  </testcase> <!-- validEditRoles -->
  <testcase name="validActivePostAddSystemAnnouncements" time="1.128" classname="com.Salesboost_Adminpanel.testscript.SystemAnnouncementsPage">
    <failure type="java.lang.AssertionError" message="expected [true] but found [false]">
      <![CDATA[java.lang.AssertionError: expected [true] but found [false]
at com.Salesboost_Adminpanel.testscript.SystemAnnouncementsPage.validActivePostAddSystemAnnouncements(SystemAnnouncementsPage.java:68)
at java.util.ArrayList.forEach(Unknown Source)
... Removed 31 stack frames]]>
    </failure>
  </testcase> <!-- validActivePostAddSystemAnnouncements -->
  <testcase name="validInActivePostAddSystemAnnouncements" time="1.072" classname="com.Salesboost_Adminpanel.testscript.SystemAnnouncementsPage">
    <failure type="java.lang.AssertionError" message="expected [true] but found [false]">
      <![CDATA[java.lang.AssertionError: expected [true] but found [false]
at com.Salesboost_Adminpanel.testscript.SystemAnnouncementsPage.validInActivePostAddSystemAnnouncements(SystemAnnouncementsPage.java:104)
at java.util.ArrayList.forEach(Unknown Source)
... Removed 31 stack frames]]>
    </failure>
  </testcase> <!-- validInActivePostAddSystemAnnouncements -->
  <testcase name="validSystemAnnouncementSelection" time="1.079" classname="com.Salesboost_Adminpanel.testscript.SystemAnnouncementsPage"/>
  <testcase name="validDeleteAnnouncement" time="1.067" classname="com.Salesboost_Adminpanel.testscript.SystemAnnouncementsPage">
    <failure type="java.lang.AssertionError" message="expected [private track] but found []">
      <![CDATA[java.lang.AssertionError: expected [private track] but found []
at com.Salesboost_Adminpanel.testscript.SystemAnnouncementsPage.validDeleteAnnouncement(SystemAnnouncementsPage.java:185)
at java.util.ArrayList.forEach(Unknown Source)
... Removed 33 stack frames]]>
    </failure>
  </testcase> <!-- validDeleteAnnouncement -->
  <testcase name="validInActivePostEditAnnouncement" time="1.075" classname="com.Salesboost_Adminpanel.testscript.SystemAnnouncementsPage">
    <failure type="java.lang.AssertionError" message="expected [true] but found [false]">
      <![CDATA[java.lang.AssertionError: expected [true] but found [false]
at com.Salesboost_Adminpanel.testscript.SystemAnnouncementsPage.validInActivePostEditAnnouncement(SystemAnnouncementsPage.java:244)
at java.util.ArrayList.forEach(Unknown Source)
... Removed 31 stack frames]]>
    </failure>
  </testcase> <!-- validInActivePostEditAnnouncement -->
  <testcase name="validActivePostAddLeadershipTips" time="1.098" classname="com.Salesboost_Adminpanel.testscript.LeadershipTipsPage">
    <failure type="java.lang.AssertionError" message="expected [true] but found [false]">
      <![CDATA[java.lang.AssertionError: expected [true] but found [false]
at com.Salesboost_Adminpanel.testscript.LeadershipTipsPage.validActivePostAddLeadershipTips(LeadershipTipsPage.java:69)
at java.util.ArrayList.forEach(Unknown Source)
... Removed 31 stack frames]]>
    </failure>
  </testcase> <!-- validActivePostAddLeadershipTips -->
  <testcase name="validInActivePostAddLeadershipTips" time="1.084" classname="com.Salesboost_Adminpanel.testscript.LeadershipTipsPage">
    <failure type="java.lang.AssertionError" message="expected [true] but found [false]">
      <![CDATA[java.lang.AssertionError: expected [true] but found [false]
at com.Salesboost_Adminpanel.testscript.LeadershipTipsPage.validInActivePostAddLeadershipTips(LeadershipTipsPage.java:104)
at java.util.ArrayList.forEach(Unknown Source)
... Removed 31 stack frames]]>
    </failure>
  </testcase> <!-- validInActivePostAddLeadershipTips -->
  <testcase name="validLeadershipTipsSelection" time="1.09" classname="com.Salesboost_Adminpanel.testscript.LeadershipTipsPage"/>
  <testcase name="validDeleteLeadershipTip" time="1.075" classname="com.Salesboost_Adminpanel.testscript.LeadershipTipsPage">
    <failure type="java.lang.AssertionError" message="expected [private track] but found []">
      <![CDATA[java.lang.AssertionError: expected [private track] but found []
at com.Salesboost_Adminpanel.testscript.LeadershipTipsPage.validDeleteLeadershipTip(LeadershipTipsPage.java:188)
at java.util.ArrayList.forEach(Unknown Source)
... Removed 33 stack frames]]>
    </failure>
  </testcase> <!-- validDeleteLeadershipTip -->
  <testcase name="validInActivePostEditLeadershipTip" time="1.089" classname="com.Salesboost_Adminpanel.testscript.LeadershipTipsPage">
    <failure type="java.lang.AssertionError" message="expected [true] but found [false]">
      <![CDATA[java.lang.AssertionError: expected [true] but found [false]
at com.Salesboost_Adminpanel.testscript.LeadershipTipsPage.validInActivePostEditLeadershipTip(LeadershipTipsPage.java:247)
at java.util.ArrayList.forEach(Unknown Source)
... Removed 31 stack frames]]>
    </failure>
  </testcase> <!-- validInActivePostEditLeadershipTip -->
  <testcase name="validActivePostAddSalesTips" time="1.12" classname="com.Salesboost_Adminpanel.testscript.QuickSalesPage">
    <failure type="java.lang.AssertionError" message="expected [true] but found [false]">
      <![CDATA[java.lang.AssertionError: expected [true] but found [false]
at com.Salesboost_Adminpanel.testscript.QuickSalesPage.validActivePostAddSalesTips(QuickSalesPage.java:70)
at java.util.ArrayList.forEach(Unknown Source)
... Removed 31 stack frames]]>
    </failure>
  </testcase> <!-- validActivePostAddSalesTips -->
  <testcase name="validInActivePostAddSalesTips" time="1.069" classname="com.Salesboost_Adminpanel.testscript.QuickSalesPage">
    <failure type="java.lang.AssertionError" message="expected [true] but found [false]">
      <![CDATA[java.lang.AssertionError: expected [true] but found [false]
at com.Salesboost_Adminpanel.testscript.QuickSalesPage.validInActivePostAddSalesTips(QuickSalesPage.java:105)
at java.util.ArrayList.forEach(Unknown Source)
... Removed 31 stack frames]]>
    </failure>
  </testcase> <!-- validInActivePostAddSalesTips -->
  <testcase name="validSalesTipsSelection" time="1.072" classname="com.Salesboost_Adminpanel.testscript.QuickSalesPage"/>
  <testcase name="validInDeleteSalesTip" time="1.069" classname="com.Salesboost_Adminpanel.testscript.QuickSalesPage">
    <failure type="java.lang.AssertionError" message="expected [private track] but found []">
      <![CDATA[java.lang.AssertionError: expected [private track] but found []
at com.Salesboost_Adminpanel.testscript.QuickSalesPage.validInDeleteSalesTip(QuickSalesPage.java:188)
at java.util.ArrayList.forEach(Unknown Source)
... Removed 33 stack frames]]>
    </failure>
  </testcase> <!-- validInDeleteSalesTip -->
  <testcase name="validInActivePostEditSalesTip" time="1.065" classname="com.Salesboost_Adminpanel.testscript.QuickSalesPage">
    <failure type="java.lang.AssertionError" message="expected [true] but found [false]">
      <![CDATA[java.lang.AssertionError: expected [true] but found [false]
at com.Salesboost_Adminpanel.testscript.QuickSalesPage.validInActivePostEditSalesTip(QuickSalesPage.java:250)
at java.util.ArrayList.forEach(Unknown Source)
... Removed 31 stack frames]]>
    </failure>
  </testcase> <!-- validInActivePostEditSalesTip -->
  <testcase name="validAddTools" time="1.103" classname="com.Salesboost_Adminpanel.testscript.LeadershipObjectPage">
    <failure type="java.lang.AssertionError" message="expected [true] but found [false]">
      <![CDATA[java.lang.AssertionError: expected [true] but found [false]
at com.Salesboost_Adminpanel.testscript.LeadershipObjectPage.validAddTools(LeadershipObjectPage.java:70)
at java.util.ArrayList.forEach(Unknown Source)
... Removed 31 stack frames]]>
    </failure>
  </testcase> <!-- validAddTools -->
  <testcase name="validActiveStatusAddTools" time="1.09" classname="com.Salesboost_Adminpanel.testscript.LeadershipObjectPage">
    <failure type="java.lang.AssertionError" message="expected [true] but found [false]">
      <![CDATA[java.lang.AssertionError: expected [true] but found [false]
at com.Salesboost_Adminpanel.testscript.LeadershipObjectPage.validActiveStatusAddTools(LeadershipObjectPage.java:107)
at java.util.ArrayList.forEach(Unknown Source)
... Removed 31 stack frames]]>
    </failure>
  </testcase> <!-- validActiveStatusAddTools -->
  <testcase name="validtoolsselection" time="1.065" classname="com.Salesboost_Adminpanel.testscript.LeadershipObjectPage"/>
  <testcase name="validToolDelete" time="1.073" classname="com.Salesboost_Adminpanel.testscript.LeadershipObjectPage">
    <failure type="java.lang.AssertionError" message="expected [private track] but found []">
      <![CDATA[java.lang.AssertionError: expected [private track] but found []
at com.Salesboost_Adminpanel.testscript.LeadershipObjectPage.validToolDelete(LeadershipObjectPage.java:204)
at java.util.ArrayList.forEach(Unknown Source)
... Removed 33 stack frames]]>
    </failure>
  </testcase> <!-- validToolDelete -->
  <testcase name="validEditTools" time="1.067" classname="com.Salesboost_Adminpanel.testscript.LeadershipObjectPage">
    <failure type="java.lang.AssertionError" message="expected [true] but found [false]">
      <![CDATA[java.lang.AssertionError: expected [true] but found [false]
at com.Salesboost_Adminpanel.testscript.LeadershipObjectPage.validEditTools(LeadershipObjectPage.java:264)
at java.util.ArrayList.forEach(Unknown Source)
... Removed 31 stack frames]]>
    </failure>
  </testcase> <!-- validEditTools -->
  <testcase name="validAddDuplicateTools" time="1.064" classname="com.Salesboost_Adminpanel.testscript.LeadershipObjectPage">
    <failure type="java.lang.AssertionError" message="expected [true] but found [false]">
      <![CDATA[java.lang.AssertionError: expected [true] but found [false]
at com.Salesboost_Adminpanel.testscript.LeadershipObjectPage.validAddDuplicateTools(LeadershipObjectPage.java:301)
at java.util.ArrayList.forEach(Unknown Source)
... Removed 31 stack frames]]>
    </failure>
  </testcase> <!-- validAddDuplicateTools -->
  <testcase name="validCancelAddDuplicateTools" time="1.073" classname="com.Salesboost_Adminpanel.testscript.LeadershipObjectPage"/>
  <testcase name="validAddTools" time="1.102" classname="com.Salesboost_Adminpanel.testscript.PrivateLeadershipObjectPage">
    <failure type="java.lang.AssertionError" message="expected [true] but found [false]">
      <![CDATA[java.lang.AssertionError: expected [true] but found [false]
at com.Salesboost_Adminpanel.testscript.PrivateLeadershipObjectPage.validAddTools(PrivateLeadershipObjectPage.java:66)
at java.util.ArrayList.forEach(Unknown Source)
... Removed 31 stack frames]]>
    </failure>
  </testcase> <!-- validAddTools -->
  <testcase name="validtoolsselection" time="1.071" classname="com.Salesboost_Adminpanel.testscript.PrivateLeadershipObjectPage"/>
  <testcase name="validToolDelete" time="1.064" classname="com.Salesboost_Adminpanel.testscript.PrivateLeadershipObjectPage">
    <failure type="java.lang.AssertionError" message="expected [private track] but found []">
      <![CDATA[java.lang.AssertionError: expected [private track] but found []
at com.Salesboost_Adminpanel.testscript.PrivateLeadershipObjectPage.validToolDelete(PrivateLeadershipObjectPage.java:202)
at java.util.ArrayList.forEach(Unknown Source)
... Removed 33 stack frames]]>
    </failure>
  </testcase> <!-- validToolDelete -->
  <testcase name="validEditTools" time="1.072" classname="com.Salesboost_Adminpanel.testscript.PrivateLeadershipObjectPage">
    <failure type="java.lang.AssertionError" message="expected [true] but found [false]">
      <![CDATA[java.lang.AssertionError: expected [true] but found [false]
at com.Salesboost_Adminpanel.testscript.PrivateLeadershipObjectPage.validEditTools(PrivateLeadershipObjectPage.java:263)
at java.util.ArrayList.forEach(Unknown Source)
... Removed 31 stack frames]]>
    </failure>
  </testcase> <!-- validEditTools -->
  <testcase name="@AfterSuite endSuite" time="0.0" classname="com.Salesboost_Adminpanel.baseclass.BaseClass">
    <ignored/>
  </testcase> <!-- @AfterSuite endSuite -->
  <testcase name="@AfterSuite endSuite" time="0.0" classname="com.Salesboost_Adminpanel.baseclass.BaseClass">
    <ignored/>
  </testcase> <!-- @AfterSuite endSuite -->
  <testcase name="@AfterSuite endSuite" time="0.0" classname="com.Salesboost_Adminpanel.baseclass.BaseClass">
    <ignored/>
  </testcase> <!-- @AfterSuite endSuite -->
  <testcase name="@AfterSuite endSuite" time="0.0" classname="com.Salesboost_Adminpanel.baseclass.BaseClass">
    <ignored/>
  </testcase> <!-- @AfterSuite endSuite -->
  <testcase name="@AfterSuite endSuite" time="0.0" classname="com.Salesboost_Adminpanel.baseclass.BaseClass">
    <ignored/>
  </testcase> <!-- @AfterSuite endSuite -->
  <testcase name="@AfterSuite endSuite" time="0.0" classname="com.Salesboost_Adminpanel.baseclass.BaseClass">
    <ignored/>
  </testcase> <!-- @AfterSuite endSuite -->
  <testcase name="@AfterSuite endSuite" time="0.0" classname="com.Salesboost_Adminpanel.baseclass.BaseClass">
    <ignored/>
  </testcase> <!-- @AfterSuite endSuite -->
  <testcase name="@AfterSuite endSuite" time="0.0" classname="com.Salesboost_Adminpanel.baseclass.BaseClass">
    <ignored/>
  </testcase> <!-- @AfterSuite endSuite -->
  <testcase name="@AfterSuite endSuite" time="0.0" classname="com.Salesboost_Adminpanel.baseclass.BaseClass">
    <ignored/>
  </testcase> <!-- @AfterSuite endSuite -->
  <testcase name="@AfterSuite endSuite" time="0.0" classname="com.Salesboost_Adminpanel.baseclass.BaseClass">
    <ignored/>
  </testcase> <!-- @AfterSuite endSuite -->
  <testcase name="@AfterSuite endSuite" time="0.0" classname="com.Salesboost_Adminpanel.baseclass.BaseClass">
    <ignored/>
  </testcase> <!-- @AfterSuite endSuite -->
  <testcase name="@BeforeSuite precondition" time="0.0" classname="com.Salesboost_Adminpanel.baseclass.BaseClass">
    <ignored/>
  </testcase> <!-- @BeforeSuite precondition -->
  <testcase name="@BeforeSuite precondition" time="0.0" classname="com.Salesboost_Adminpanel.baseclass.BaseClass">
    <ignored/>
  </testcase> <!-- @BeforeSuite precondition -->
  <testcase name="@BeforeSuite precondition" time="0.0" classname="com.Salesboost_Adminpanel.baseclass.BaseClass">
    <ignored/>
  </testcase> <!-- @BeforeSuite precondition -->
  <testcase name="@BeforeSuite precondition" time="0.0" classname="com.Salesboost_Adminpanel.baseclass.BaseClass">
    <ignored/>
  </testcase> <!-- @BeforeSuite precondition -->
  <testcase name="@BeforeSuite precondition" time="0.0" classname="com.Salesboost_Adminpanel.baseclass.BaseClass">
    <ignored/>
  </testcase> <!-- @BeforeSuite precondition -->
  <testcase name="@BeforeSuite precondition" time="0.0" classname="com.Salesboost_Adminpanel.baseclass.BaseClass">
    <ignored/>
  </testcase> <!-- @BeforeSuite precondition -->
  <testcase name="@BeforeSuite precondition" time="0.0" classname="com.Salesboost_Adminpanel.baseclass.BaseClass">
    <ignored/>
  </testcase> <!-- @BeforeSuite precondition -->
  <testcase name="@BeforeSuite precondition" time="0.0" classname="com.Salesboost_Adminpanel.baseclass.BaseClass">
    <ignored/>
  </testcase> <!-- @BeforeSuite precondition -->
  <testcase name="@BeforeSuite precondition" time="0.0" classname="com.Salesboost_Adminpanel.baseclass.BaseClass">
    <ignored/>
  </testcase> <!-- @BeforeSuite precondition -->
  <testcase name="@BeforeSuite precondition" time="0.0" classname="com.Salesboost_Adminpanel.baseclass.BaseClass">
    <ignored/>
  </testcase> <!-- @BeforeSuite precondition -->
  <testcase name="@BeforeSuite precondition" time="0.0" classname="com.Salesboost_Adminpanel.baseclass.BaseClass">
    <ignored/>
  </testcase> <!-- @BeforeSuite precondition -->
</testsuite> <!-- Test -->
