<?xml version="1.0" encoding="UTF-8"?>
<testng-results skipped="0" failed="1" ignored="2" total="3" passed="0">
  <reporter-output>
  </reporter-output>
  <suite name="Default suite" duration-ms="11539" started-at="2021-01-13T10:27:21Z" finished-at="2021-01-13T10:27:33Z">
    <groups>
    </groups>
    <test name="Default test" duration-ms="11539" started-at="2021-01-13T10:27:21Z" finished-at="2021-01-13T10:27:33Z">
      <class name="com.Salesboost_Adminpanel.testscript.administratorsPage">
        <test-method status="PASS" signature="precondition(org.testng.ITestContext, java.lang.String)[pri:0, instance:com.Salesboost_Adminpanel.testscript.administratorsPage@6e75aa0d]" name="precondition" is-config="true" duration-ms="12655" started-at="2021-01-13T10:27:08Z" finished-at="2021-01-13T10:27:21Z">
          <params>
            <param index="0">
              <value>
                <![CDATA[org.testng.TestRunner@4af46df3]]>
              </value>
            </param>
            <param index="1">
              <value>
                <![CDATA[chrome]]>
              </value>
            </param>
          </params>
          <reporter-output>
          </reporter-output>
        </test-method> <!-- precondition -->
        <test-method status="PASS" signature="initialize()[pri:0, instance:com.Salesboost_Adminpanel.testscript.administratorsPage@6e75aa0d]" name="initialize" is-config="true" duration-ms="6528" started-at="2021-01-13T10:27:21Z" finished-at="2021-01-13T10:27:28Z">
          <reporter-output>
          </reporter-output>
        </test-method> <!-- initialize -->
        <test-method status="FAIL" signature="validadduser()[pri:0, instance:com.Salesboost_Adminpanel.testscript.administratorsPage@6e75aa0d]" name="validadduser" duration-ms="3841" started-at="2021-01-13T10:27:28Z" finished-at="2021-01-13T10:27:31Z">
          <exception class="java.lang.AssertionError">
            <message>
              <![CDATA[expected [true] but found [false]]]>
            </message>
            <full-stacktrace>
              <![CDATA[java.lang.AssertionError: expected [true] but found [false]
at org.testng.Assert.fail(Assert.java:96)
at org.testng.Assert.failNotEquals(Assert.java:776)
at org.testng.Assert.assertTrue(Assert.java:44)
at org.testng.Assert.assertTrue(Assert.java:54)
at com.Salesboost_Adminpanel.testscript.administratorsPage.validadduser(administratorsPage.java:68)
at sun.reflect.NativeMethodAccessorImpl.invoke0(Native Method)
at sun.reflect.NativeMethodAccessorImpl.invoke(Unknown Source)
at sun.reflect.DelegatingMethodAccessorImpl.invoke(Unknown Source)
at java.lang.reflect.Method.invoke(Unknown Source)
at org.testng.internal.MethodInvocationHelper.invokeMethod(MethodInvocationHelper.java:124)
at org.testng.internal.Invoker.invokeMethod(Invoker.java:583)
at org.testng.internal.Invoker.invokeTestMethod(Invoker.java:719)
at org.testng.internal.Invoker.invokeTestMethods(Invoker.java:989)
at org.testng.internal.TestMethodWorker.invokeTestMethods(TestMethodWorker.java:125)
at org.testng.internal.TestMethodWorker.run(TestMethodWorker.java:109)
at org.testng.TestRunner.privateRun(TestRunner.java:648)
at org.testng.TestRunner.run(TestRunner.java:505)
at org.testng.SuiteRunner.runTest(SuiteRunner.java:455)
at org.testng.SuiteRunner.runSequentially(SuiteRunner.java:450)
at org.testng.SuiteRunner.privateRun(SuiteRunner.java:415)
at org.testng.SuiteRunner.run(SuiteRunner.java:364)
at org.testng.SuiteRunnerWorker.runSuite(SuiteRunnerWorker.java:52)
at org.testng.SuiteRunnerWorker.run(SuiteRunnerWorker.java:84)
at org.testng.TestNG.runSuitesSequentially(TestNG.java:1208)
at org.testng.TestNG.runSuitesLocally(TestNG.java:1137)
at org.testng.TestNG.runSuites(TestNG.java:1049)
at org.testng.TestNG.run(TestNG.java:1017)
at org.testng.remote.AbstractRemoteTestNG.run(AbstractRemoteTestNG.java:115)
at org.testng.remote.RemoteTestNG.initAndRun(RemoteTestNG.java:251)
at org.testng.remote.RemoteTestNG.main(RemoteTestNG.java:77)
]]>
            </full-stacktrace>
          </exception> <!-- java.lang.AssertionError -->
          <reporter-output>
          </reporter-output>
        </test-method> <!-- validadduser -->
        <test-method status="PASS" signature="testReportResult(org.testng.ITestResult)[pri:0, instance:com.Salesboost_Adminpanel.testscript.administratorsPage@6e75aa0d]" name="testReportResult" is-config="true" duration-ms="5" started-at="2021-01-13T10:27:31Z" finished-at="2021-01-13T10:27:31Z">
          <params>
            <param index="0">
              <value>
                <![CDATA[[TestResult name=validadduser status=FAILURE method=administratorsPage.validadduser()[pri:0, instance:com.Salesboost_Adminpanel.testscript.administratorsPage@6e75aa0d] output={null}]]]>
              </value>
            </param>
          </params>
          <reporter-output>
          </reporter-output>
        </test-method> <!-- testReportResult -->
        <test-method status="PASS" signature="logout()[pri:0, instance:com.Salesboost_Adminpanel.testscript.administratorsPage@6e75aa0d]" name="logout" is-config="true" duration-ms="1131" started-at="2021-01-13T10:27:31Z" finished-at="2021-01-13T10:27:33Z">
          <reporter-output>
          </reporter-output>
        </test-method> <!-- logout -->
        <test-method status="PASS" signature="endSuite()[pri:0, instance:com.Salesboost_Adminpanel.testscript.administratorsPage@6e75aa0d]" name="endSuite" is-config="true" duration-ms="1568" started-at="2021-01-13T10:27:33Z" finished-at="2021-01-13T10:27:34Z">
          <reporter-output>
          </reporter-output>
        </test-method> <!-- endSuite -->
      </class> <!-- com.Salesboost_Adminpanel.testscript.administratorsPage -->
    </test> <!-- Default test -->
  </suite> <!-- Default suite -->
</testng-results>
